08-Nov-2024 22:27:12.230 INFO [main] org.apache.catalina.startup.VersionLoggerListener.log 서버 버전 이름:    Apache Tomcat/9.0.65
08-Nov-2024 22:27:12.232 INFO [main] org.apache.catalina.startup.VersionLoggerListener.log Server 빌드 시각:  Jul 14 2022 12:28:53 UTC
08-Nov-2024 22:27:12.232 INFO [main] org.apache.catalina.startup.VersionLoggerListener.log Server 버전 번호:  9.0.65.0
08-Nov-2024 22:27:12.232 INFO [main] org.apache.catalina.startup.VersionLoggerListener.log 운영체제 이름:     Windows 11
08-Nov-2024 22:27:12.232 INFO [main] org.apache.catalina.startup.VersionLoggerListener.log 운영체제 버전:     10.0
08-Nov-2024 22:27:12.232 INFO [main] org.apache.catalina.startup.VersionLoggerListener.log 아키텍처:          amd64
08-Nov-2024 22:27:12.232 INFO [main] org.apache.catalina.startup.VersionLoggerListener.log 자바 홈:           C:\Program Files\Java\jdk-17
08-Nov-2024 22:27:12.232 INFO [main] org.apache.catalina.startup.VersionLoggerListener.log JVM 버전:          17.0.12+8-LTS-286
08-Nov-2024 22:27:12.233 INFO [main] org.apache.catalina.startup.VersionLoggerListener.log JVM 벤더:          Oracle Corporation
08-Nov-2024 22:27:12.233 INFO [main] org.apache.catalina.startup.VersionLoggerListener.log CATALINA_BASE:     D:\study\workspace\apache-tomcat-9.0.65\conf
08-Nov-2024 22:27:12.233 INFO [main] org.apache.catalina.startup.VersionLoggerListener.log CATALINA_HOME:     D:\study\workspace\apache-tomcat-9.0.65
08-Nov-2024 22:27:12.237 INFO [main] org.apache.catalina.startup.VersionLoggerListener.log 명령 행 아규먼트:  --add-opens=java.base/java.lang=ALL-UNNAMED
08-Nov-2024 22:27:12.237 INFO [main] org.apache.catalina.startup.VersionLoggerListener.log 명령 행 아규먼트:  --add-opens=java.base/java.io=ALL-UNNAMED
08-Nov-2024 22:27:12.237 INFO [main] org.apache.catalina.startup.VersionLoggerListener.log 명령 행 아규먼트:  --add-opens=java.base/java.util=ALL-UNNAMED
08-Nov-2024 22:27:12.237 INFO [main] org.apache.catalina.startup.VersionLoggerListener.log 명령 행 아규먼트:  --add-opens=java.base/java.util.concurrent=ALL-UNNAMED
08-Nov-2024 22:27:12.237 INFO [main] org.apache.catalina.startup.VersionLoggerListener.log 명령 행 아규먼트:  --add-opens=java.rmi/sun.rmi.transport=ALL-UNNAMED
08-Nov-2024 22:27:12.237 INFO [main] org.apache.catalina.startup.VersionLoggerListener.log 명령 행 아규먼트:  -Dcatalina.home=D:\study\workspace\apache-tomcat-9.0.65
08-Nov-2024 22:27:12.237 INFO [main] org.apache.catalina.startup.VersionLoggerListener.log 명령 행 아규먼트:  -Dcatalina.base=D:\study\workspace\apache-tomcat-9.0.65\conf
08-Nov-2024 22:27:12.237 INFO [main] org.apache.catalina.startup.VersionLoggerListener.log 명령 행 아규먼트:  -Djava.io.tmpdir=D:\study\workspace\apache-tomcat-9.0.65\conf\temp
08-Nov-2024 22:27:12.237 INFO [main] org.apache.catalina.startup.VersionLoggerListener.log 명령 행 아규먼트:  -Djava.util.logging.config.file=D:\study\workspace\apache-tomcat-9.0.65\conf\conf\logging.properties
08-Nov-2024 22:27:12.237 INFO [main] org.apache.catalina.startup.VersionLoggerListener.log 명령 행 아규먼트:  -Djava.util.logging.manager=org.apache.juli.ClassLoaderLogManager
08-Nov-2024 22:27:12.238 INFO [main] org.apache.catalina.startup.VersionLoggerListener.log 명령 행 아규먼트:  -javaagent:D:\study\IntelliJ IDEA Community Edition 2024.2.4\lib\idea_rt.jar=50068:D:\study\IntelliJ IDEA Community Edition 2024.2.4\bin
08-Nov-2024 22:27:12.238 INFO [main] org.apache.catalina.startup.VersionLoggerListener.log 명령 행 아규먼트:  -Dfile.encoding=UTF-8
08-Nov-2024 22:27:12.239 INFO [main] org.apache.catalina.core.AprLifecycleListener.lifecycleEvent 프로덕션 환경들에서 최적의 성능을 제공하는, APR 기반 Apache Tomcat Native 라이브러리가, 다음 java.library.path에서 발견되지 않습니다: [C:\Program Files\Java\jdk-17\bin;C:\Windows\Sun\Java\bin;C:\Windows\system32;C:\Windows;C:\Program Files\Common Files\Oracle\Java\javapath;C:\Windows\system32;C:\Windows;C:\Windows\System32\Wbem;C:\Windows\System32\WindowsPowerShell\v1.0\;C:\Windows\System32\OpenSSH\;C:\Program Files (x86)\NVIDIA Corporation\PhysX\Common;C:\Program Files\NVIDIA Corporation\NVIDIA NvDLISR;C:\Users\WOOSUNG\AppData\Local\Programs\Python\Python312\Scripts\;C:\Users\WOOSUNG\AppData\Local\Programs\Python\Python312\;C:\Users\WOOSUNG\AppData\Local\Programs\Python\Launcher\;C:\Users\WOOSUNG\AppData\Local\Microsoft\WindowsApps;D:\study\IntelliJ IDEA Community Edition 2024.2.4\bin;;.]
08-Nov-2024 22:27:12.342 INFO [main] org.apache.coyote.AbstractProtocol.init 프로토콜 핸들러 ["http-nio-8080"]을(를) 초기화합니다.
08-Nov-2024 22:27:12.351 INFO [main] org.apache.catalina.startup.Catalina.load [203] 밀리초 내에 서버가 초기화되었습니다.
08-Nov-2024 22:27:12.373 INFO [main] org.apache.catalina.core.StandardService.startInternal 서비스 [Catalina]을(를) 시작합니다.
08-Nov-2024 22:27:12.373 INFO [main] org.apache.catalina.core.StandardEngine.startInternal 서버 엔진을 시작합니다: [Apache Tomcat/9.0.65]
08-Nov-2024 22:27:12.377 INFO [main] org.apache.catalina.startup.HostConfig.deployDescriptor 배치 descriptor [D:\study\workspace\apache-tomcat-9.0.65\conf\conf\Catalina\localhost\ROOT.xml]을(를) 배치합니다.
08-Nov-2024 22:27:12.521 SEVERE [main] org.apache.catalina.core.StandardContext.startInternal 하나 이상의 리스너들이 시작하지 못했습니다. 상세 내역은 적절한 컨테이너 로그 파일에서 찾을 수 있습니다.
08-Nov-2024 22:27:12.540 SEVERE [main] org.apache.catalina.core.StandardContext.startInternal 이전 오류들로 인해 컨텍스트 []의 시작이 실패했습니다.
08-Nov-2024 22:27:12.545 INFO [main] org.apache.catalina.startup.HostConfig.deployDescriptor 배치 descriptor [D:\study\workspace\apache-tomcat-9.0.65\conf\conf\Catalina\localhost\ROOT.xml]의 배치가 [167] 밀리초 내에 완료되었습니다.
08-Nov-2024 22:27:12.546 INFO [main] org.apache.coyote.AbstractProtocol.start 프로토콜 핸들러 ["http-nio-8080"]을(를) 시작합니다.
08-Nov-2024 22:27:12.569 INFO [main] org.apache.catalina.startup.Catalina.start 서버가 [217] 밀리초 내에 시작되었습니다.
08-Nov-2024 22:27:27.704 INFO [Thread-2] org.apache.coyote.AbstractProtocol.pause 프로토콜 핸들러 ["http-nio-8080"]을(를) 일시 정지 중
08-Nov-2024 22:27:27.708 INFO [Thread-2] org.apache.catalina.core.StandardService.stopInternal 서비스 [Catalina]을(를) 중지시킵니다.
08-Nov-2024 22:27:27.709 INFO [Thread-2] org.apache.coyote.AbstractProtocol.stop 프로토콜 핸들러 ["http-nio-8080"]을(를) 중지시킵니다.
08-Nov-2024 22:27:27.710 INFO [Thread-2] org.apache.coyote.AbstractProtocol.destroy 프로토콜 핸들러 ["http-nio-8080"]을(를) 소멸시킵니다.
